[0713/125612.802:ERROR:cache_util_win.cc(20)] Unable to move the cache: Acesso negado. (0x5)
[0713/125612.803:ERROR:cache_util_win.cc(20)] Unable to move the cache: Acesso negado. (0x5)
[0713/125612.803:ERROR:disk_cache.cc(205)] Unable to create cache
[0713/125612.803:ERROR:gpu_disk_cache.cc(673)] Gpu Cache Creation failed: -2
[0713/125612.803:ERROR:disk_cache.cc(205)] Unable to create cache
[0713/125612.803:ERROR:gpu_disk_cache.cc(673)] Gpu Cache Creation failed: -2
[0713/125613.874:INFO:CONSOLE(163)] "Event handler of 'x-storagemutated-1' event must be added on the initial evaluation of worker script.", source: https://static.whatsapp.net/rsrc.php/v4/yR/r/2rZMqLRb0cP.js (163)
[0713/125614.825:ERROR:cache_util_win.cc(20)] Unable to move the cache: Acesso negado. (0x5)
[0713/125614.826:ERROR:disk_cache.cc(205)] Unable to create cache
[0713/125615.835:ERROR:service_worker_storage.cc(1933)] Failed to delete the database: Database IO error
[0713/125617.050:ERROR:cache_util_win.cc(20)] Unable to move the cache: Acesso negado. (0x5)
[0713/125617.050:ERROR:disk_cache.cc(205)] Unable to create cache
[0713/125617.050:ERROR:gpu_disk_cache.cc(673)] Gpu Cache Creation failed: -2
[0713/125617.051:ERROR:cache_util_win.cc(20)] Unable to move the cache: Acesso negado. (0x5)
[0713/125617.051:ERROR:disk_cache.cc(205)] Unable to create cache
[0713/125617.051:ERROR:gpu_disk_cache.cc(673)] Gpu Cache Creation failed: -2
[0713/125617.136:INFO:CONSOLE(0)] "Error with Permissions-Policy header: Feature xr-spatial-tracking's parameters are ignored.", source:  (0)
[0713/125617.136:INFO:CONSOLE(0)] "Error with Permissions-Policy header: Feature xr-spatial-tracking's parameters are ignored.", source:  (0)
[0713/125617.136:INFO:CONSOLE(0)] "Error with Permissions-Policy header: Origin trial controlled feature not enabled: 'attribution-reporting'.", source:  (0)
[0713/125617.136:INFO:CONSOLE(0)] "Error with Permissions-Policy header: Unrecognized feature: 'compute-pressure'.", source:  (0)
[0713/125617.137:INFO:CONSOLE(0)] "Error with Permissions-Policy header: Origin trial controlled feature not enabled: 'interest-cohort'.", source:  (0)
[0713/125617.136:INFO:CONSOLE(0)] "Error with Permissions-Policy header: Origin trial controlled feature not enabled: 'attribution-reporting'.", source:  (0)
[0713/125617.137:INFO:CONSOLE(0)] "Error with Permissions-Policy header: Unrecognized feature: 'private-state-token-issuance'.", source:  (0)
[0713/125617.137:INFO:CONSOLE(0)] "Error with Permissions-Policy header: Origin trial controlled feature not enabled: 'shared-storage'.", source:  (0)
[0713/125617.137:INFO:CONSOLE(0)] "Error with Permissions-Policy header: Unrecognized feature: 'compute-pressure'.", source:  (0)
[0713/125617.137:INFO:CONSOLE(0)] "Error with Permissions-Policy header: Unrecognized feature: 'shared-storage-select-url'.", source:  (0)
[0713/125617.137:INFO:CONSOLE(0)] "Error with Permissions-Policy header: Unrecognized feature: 'private-state-token-redemption'.", source:  (0)
[0713/125617.137:INFO:CONSOLE(0)] "Error with Permissions-Policy header: Origin trial controlled feature not enabled: 'interest-cohort'.", source:  (0)
[0713/125617.137:INFO:CONSOLE(0)] "Error with Permissions-Policy header: Unrecognized feature: 'unload'.", source:  (0)
[0713/125617.137:INFO:CONSOLE(0)] "Error with Permissions-Policy header: Unrecognized feature: 'window-management'.", source:  (0)
[0713/125617.137:INFO:CONSOLE(0)] "Error with Permissions-Policy header: Unrecognized feature: 'private-state-token-issuance'.", source:  (0)
[0713/125617.137:INFO:CONSOLE(0)] "Error with Permissions-Policy header: Origin trial controlled feature not enabled: 'shared-storage'.", source:  (0)
[0713/125617.137:INFO:CONSOLE(0)] "Document-Policy HTTP header: Unrecognized document policy feature name include-js-call-stacks-in-crash-reports.", source: https://web.whatsapp.com/ (0)
[0713/125617.137:INFO:CONSOLE(0)] "Error with Permissions-Policy header: Unrecognized feature: 'shared-storage-select-url'.", source:  (0)
[0713/125617.137:INFO:CONSOLE(0)] "Error with Permissions-Policy header: Unrecognized feature: 'private-state-token-redemption'.", source:  (0)
[0713/125617.137:INFO:CONSOLE(0)] "Error with Permissions-Policy header: Unrecognized feature: 'unload'.", source:  (0)
[0713/125617.137:INFO:CONSOLE(0)] "Error with Permissions-Policy header: Unrecognized feature: 'window-management'.", source:  (0)
[0713/125617.137:INFO:CONSOLE(0)] "Document-Policy HTTP header: Unrecognized document policy feature name include-js-call-stacks-in-crash-reports.", source: https://web.whatsapp.com/ (0)
[0713/125621.169:ERROR:leveldb_factory.cc(88)] Failed to open LevelDB database from E:\Matheus\Estudos\TADS\5° Semestre\Jefeson - Projeto Final\ProjetoVia\.wwebjs_auth\session\Default\IndexedDB\https_web.whatsapp.com_0.indexeddb.leveldb,IO error: E:\Matheus\Estudos\TADS\5° Semestre\Jefeson - Projeto Final\ProjetoVia\.wwebjs_auth\session\Default\IndexedDB\https_web.whatsapp.com_0.indexeddb.leveldb/LOCK: File currently in use. (ChromeMethodBFE: 15::LockFile::2)
[0713/125623.188:ERROR:leveldb_factory.cc(88)] Failed to open LevelDB database from E:\Matheus\Estudos\TADS\5° Semestre\Jefeson - Projeto Final\ProjetoVia\.wwebjs_auth\session\Default\IndexedDB\https_web.whatsapp.com_0.indexeddb.leveldb,IO error: E:\Matheus\Estudos\TADS\5° Semestre\Jefeson - Projeto Final\ProjetoVia\.wwebjs_auth\session\Default\IndexedDB\https_web.whatsapp.com_0.indexeddb.leveldb/LOCK: File currently in use. (ChromeMethodBFE: 15::LockFile::2)
[0713/125623.245:INFO:CONSOLE(163)] "Event handler of 'x-storagemutated-1' event must be added on the initial evaluation of worker script.", source: https://static.whatsapp.net/rsrc.php/v4/yo/r/smcSMLP1hr1.js (163)
[0713/125625.223:ERROR:leveldb_factory.cc(88)] Failed to open LevelDB database from E:\Matheus\Estudos\TADS\5° Semestre\Jefeson - Projeto Final\ProjetoVia\.wwebjs_auth\session\Default\IndexedDB\https_web.whatsapp.com_0.indexeddb.leveldb,IO error: E:\Matheus\Estudos\TADS\5° Semestre\Jefeson - Projeto Final\ProjetoVia\.wwebjs_auth\session\Default\IndexedDB\https_web.whatsapp.com_0.indexeddb.leveldb/LOCK: File currently in use. (ChromeMethodBFE: 15::LockFile::2)
[0713/125627.235:ERROR:leveldb_factory.cc(88)] Failed to open LevelDB database from E:\Matheus\Estudos\TADS\5° Semestre\Jefeson - Projeto Final\ProjetoVia\.wwebjs_auth\session\Default\IndexedDB\https_web.whatsapp.com_0.indexeddb.leveldb,IO error: E:\Matheus\Estudos\TADS\5° Semestre\Jefeson - Projeto Final\ProjetoVia\.wwebjs_auth\session\Default\IndexedDB\https_web.whatsapp.com_0.indexeddb.leveldb/LOCK: File currently in use. (ChromeMethodBFE: 15::LockFile::2)
[0713/125629.261:ERROR:leveldb_factory.cc(88)] Failed to open LevelDB database from E:\Matheus\Estudos\TADS\5° Semestre\Jefeson - Projeto Final\ProjetoVia\.wwebjs_auth\session\Default\IndexedDB\https_web.whatsapp.com_0.indexeddb.leveldb,IO error: E:\Matheus\Estudos\TADS\5° Semestre\Jefeson - Projeto Final\ProjetoVia\.wwebjs_auth\session\Default\IndexedDB\https_web.whatsapp.com_0.indexeddb.leveldb/LOCK: File currently in use. (ChromeMethodBFE: 15::LockFile::2)
[0713/125631.287:ERROR:leveldb_factory.cc(88)] Failed to open LevelDB database from E:\Matheus\Estudos\TADS\5° Semestre\Jefeson - Projeto Final\ProjetoVia\.wwebjs_auth\session\Default\IndexedDB\https_web.whatsapp.com_0.indexeddb.leveldb,IO error: E:\Matheus\Estudos\TADS\5° Semestre\Jefeson - Projeto Final\ProjetoVia\.wwebjs_auth\session\Default\IndexedDB\https_web.whatsapp.com_0.indexeddb.leveldb/LOCK: File currently in use. (ChromeMethodBFE: 15::LockFile::2)
[0713/125633.316:ERROR:leveldb_factory.cc(88)] Failed to open LevelDB database from E:\Matheus\Estudos\TADS\5° Semestre\Jefeson - Projeto Final\ProjetoVia\.wwebjs_auth\session\Default\IndexedDB\https_web.whatsapp.com_0.indexeddb.leveldb,IO error: E:\Matheus\Estudos\TADS\5° Semestre\Jefeson - Projeto Final\ProjetoVia\.wwebjs_auth\session\Default\IndexedDB\https_web.whatsapp.com_0.indexeddb.leveldb/LOCK: File currently in use. (ChromeMethodBFE: 15::LockFile::2)
[0713/125635.353:ERROR:leveldb_factory.cc(88)] Failed to open LevelDB database from E:\Matheus\Estudos\TADS\5° Semestre\Jefeson - Projeto Final\ProjetoVia\.wwebjs_auth\session\Default\IndexedDB\https_web.whatsapp.com_0.indexeddb.leveldb,IO error: E:\Matheus\Estudos\TADS\5° Semestre\Jefeson - Projeto Final\ProjetoVia\.wwebjs_auth\session\Default\IndexedDB\https_web.whatsapp.com_0.indexeddb.leveldb/LOCK: File currently in use. (ChromeMethodBFE: 15::LockFile::2)
[0713/125637.370:ERROR:leveldb_factory.cc(88)] Failed to open LevelDB database from E:\Matheus\Estudos\TADS\5° Semestre\Jefeson - Projeto Final\ProjetoVia\.wwebjs_auth\session\Default\IndexedDB\https_web.whatsapp.com_0.indexeddb.leveldb,IO error: E:\Matheus\Estudos\TADS\5° Semestre\Jefeson - Projeto Final\ProjetoVia\.wwebjs_auth\session\Default\IndexedDB\https_web.whatsapp.com_0.indexeddb.leveldb/LOCK: File currently in use. (ChromeMethodBFE: 15::LockFile::2)
[0713/125639.387:ERROR:leveldb_factory.cc(88)] Failed to open LevelDB database from E:\Matheus\Estudos\TADS\5° Semestre\Jefeson - Projeto Final\ProjetoVia\.wwebjs_auth\session\Default\IndexedDB\https_web.whatsapp.com_0.indexeddb.leveldb,IO error: E:\Matheus\Estudos\TADS\5° Semestre\Jefeson - Projeto Final\ProjetoVia\.wwebjs_auth\session\Default\IndexedDB\https_web.whatsapp.com_0.indexeddb.leveldb/LOCK: File currently in use. (ChromeMethodBFE: 15::LockFile::2)
[0713/125640.414:ERROR:leveldb_factory.cc(88)] Failed to open LevelDB database from E:\Matheus\Estudos\TADS\5° Semestre\Jefeson - Projeto Final\ProjetoVia\.wwebjs_auth\session\Default\IndexedDB\https_web.whatsapp.com_0.indexeddb.leveldb,IO error: E:\Matheus\Estudos\TADS\5° Semestre\Jefeson - Projeto Final\ProjetoVia\.wwebjs_auth\session\Default\IndexedDB\https_web.whatsapp.com_0.indexeddb.leveldb/LOCK: File currently in use. (ChromeMethodBFE: 15::LockFile::2)
